sucess 00/00/000001.jpg 1
sucess 00/00/000002.jpg 2
sucess 00/00/000003.jpg 3
sucess 00/00/000004.jpg 4
sucess 00/00/000005.jpg 5
sucess 00/00/000006.jpg 6
Failed to parse ballot: 000006
sucess 00/00/000007.jpg 7
sucess 00/00/000008.jpg 8
sucess 00/00/000009.jpg 9
sucess 00/00/000010.jpg 10
sucess 00/00/000011.jpg 11
sucess 00/00/000012.jpg 12
sucess 00/00/000013.jpg 13
sucess 00/00/000014.jpg 14
sucess 00/00/000015.jpg 15
sucess 00/00/000016.jpg 16
sucess 00/00/000017.jpg 17
sucess 00/00/000018.jpg 18
sucess 00/00/000019.jpg 19
sucess 00/00/000020.jpg 20
sucess 00/00/000021.jpg 21
sucess 00/00/000022.jpg 22
sucess 00/00/000023.jpg 23
sucess 00/00/000024.jpg 24
sucess 00/00/000025.jpg 25
sucess 00/00/000026.jpg 26
sucess 00/00/000027.jpg 27
sucess 00/00/000028.jpg 28
sucess 00/00/000029.jpg 29
sucess 00/00/000030.jpg 30
sucess 00/00/000031.jpg 31
sucess 00/00/000032.jpg 32
sucess 00/00/000033.jpg 33
sucess 00/00/000034.jpg 34
sucess 00/00/000035.jpg 35
sucess 00/00/000036.jpg 36
sucess 00/00/000037.jpg 37
sucess 00/00/000038.jpg 38
sucess 00/00/000039.jpg 39
sucess 00/00/000040.jpg 40
sucess 00/00/000041.jpg 41
sucess 00/00/000042.jpg 42
sucess 00/00/000043.jpg 43
sucess 00/00/000044.jpg 44
sucess 00/00/000045.jpg 45
sucess 00/00/000046.jpg 46
sucess 00/00/000047.jpg 47
sucess 00/00/000048.jpg 48
sucess 00/00/000049.jpg 49
sucess 00/00/000050.jpg 50
sucess 00/00/000051.jpg 51
sucess 00/00/000052.jpg 52
sucess 00/00/000053.jpg 53
sucess 00/00/000054.jpg 54
sucess 00/00/000055.jpg 55
sucess 00/00/000056.jpg 56
sucess 00/00/000057.jpg 57
sucess 00/00/000058.jpg 58
sucess 00/00/000059.jpg 59
sucess 00/00/000060.jpg 60
sucess 00/00/000061.jpg 61
sucess 00/00/000062.jpg 62
sucess 00/00/000063.jpg 63
sucess 00/00/000064.jpg 64
sucess 00/00/000065.jpg 65
sucess 00/00/000066.jpg 66
sucess 00/00/000067.jpg 67
sucess 00/00/000068.jpg 68
sucess 00/00/000069.jpg 69
sucess 00/00/000070.jpg 70
sucess 00/00/000071.jpg 71
sucess 00/00/000072.jpg 72
sucess 00/00/000073.jpg 73
sucess 00/00/000074.jpg 74
sucess 00/00/000075.jpg 75
sucess 00/00/000076.jpg 76
sucess 00/00/000077.jpg 77
sucess 00/00/000078.jpg 78
sucess 00/00/000079.jpg 79
sucess 00/00/000080.jpg 80
sucess 00/00/000081.jpg 81
sucess 00/00/000082.jpg 82
sucess 00/00/000083.jpg 83
sucess 00/00/000084.jpg 84
sucess 00/00/000085.jpg 85
sucess 00/00/000086.jpg 86
sucess 00/00/000087.jpg 87
sucess 00/00/000088.jpg 88
sucess 00/00/000089.jpg 89
sucess 00/00/000090.jpg 90
sucess 00/00/000091.jpg 91
sucess 00/00/000092.jpg 92
sucess 00/00/000093.jpg 93
sucess 00/00/000094.jpg 94
sucess 00/00/000095.jpg 95
sucess 00/00/000096.jpg 96
sucess 00/00/000097.jpg 97
sucess 00/00/000098.jpg 98
sucess 00/00/000099.jpg 99
error: 00/00/000100.jpg
sucess 00/01/000100.jpg 100
sucess 00/01/000101.jpg 101
sucess 00/01/000102.jpg 102
sucess 00/01/000103.jpg 103
sucess 00/01/000104.jpg 104
sucess 00/01/000105.jpg 105
sucess 00/01/000106.jpg 106
sucess 00/01/000107.jpg 107
sucess 00/01/000108.jpg 108
sucess 00/01/000109.jpg 109
sucess 00/01/000110.jpg 110
sucess 00/01/000111.jpg 111
sucess 00/01/000112.jpg 112
sucess 00/01/000113.jpg 113
sucess 00/01/000114.jpg 114
sucess 00/01/000115.jpg 115
sucess 00/01/000116.jpg 116
sucess 00/01/000117.jpg 117
sucess 00/01/000118.jpg 118
sucess 00/01/000119.jpg 119
sucess 00/01/000120.jpg 120
sucess 00/01/000121.jpg 121
sucess 00/01/000122.jpg 122
sucess 00/01/000123.jpg 123
sucess 00/01/000124.jpg 124
sucess 00/01/000125.jpg 125
sucess 00/01/000126.jpg 126
sucess 00/01/000127.jpg 127
sucess 00/01/000128.jpg 128
sucess 00/01/000129.jpg 129
sucess 00/01/000130.jpg 130
sucess 00/01/000131.jpg 131
sucess 00/01/000132.jpg 132
sucess 00/01/000133.jpg 133
sucess 00/01/000134.jpg 134
sucess 00/01/000135.jpg 135
sucess 00/01/000136.jpg 136
sucess 00/01/000137.jpg 137
sucess 00/01/000138.jpg 138
sucess 00/01/000139.jpg 139
sucess 00/01/000140.jpg 140
sucess 00/01/000141.jpg 141
sucess 00/01/000142.jpg 142
sucess 00/01/000143.jpg 143
sucess 00/01/000144.jpg 144
sucess 00/01/000145.jpg 145
sucess 00/01/000146.jpg 146
sucess 00/01/000147.jpg 147
sucess 00/01/000148.jpg 148
sucess 00/01/000149.jpg 149
sucess 00/01/000150.jpg 150
sucess 00/01/000151.jpg 151
sucess 00/01/000152.jpg 152
sucess 00/01/000153.jpg 153
sucess 00/01/000154.jpg 154
sucess 00/01/000155.jpg 155
sucess 00/01/000156.jpg 156
sucess 00/01/000157.jpg 157
sucess 00/01/000158.jpg 158
sucess 00/01/000159.jpg 159
sucess 00/01/000160.jpg 160
sucess 00/01/000161.jpg 161
sucess 00/01/000162.jpg 162
sucess 00/01/000163.jpg 163
sucess 00/01/000164.jpg 164
sucess 00/01/000165.jpg 165
sucess 00/01/000166.jpg 166
sucess 00/01/000167.jpg 167
sucess 00/01/000168.jpg 168
sucess 00/01/000169.jpg 169
sucess 00/01/000170.jpg 170
sucess 00/01/000171.jpg 171
sucess 00/01/000172.jpg 172
sucess 00/01/000173.jpg 173
sucess 00/01/000174.jpg 174
sucess 00/01/000175.jpg 175
sucess 00/01/000176.jpg 176
sucess 00/01/000177.jpg 177
sucess 00/01/000178.jpg 178
sucess 00/01/000179.jpg 179
sucess 00/01/000180.jpg 180
sucess 00/01/000181.jpg 181
sucess 00/01/000182.jpg 182
sucess 00/01/000183.jpg 183
sucess 00/01/000184.jpg 184
sucess 00/01/000185.jpg 185
sucess 00/01/000186.jpg 186
sucess 00/01/000187.jpg 187
sucess 00/01/000188.jpg 188
sucess 00/01/000189.jpg 189
sucess 00/01/000190.jpg 190
sucess 00/01/000191.jpg 191
sucess 00/01/000192.jpg 192
sucess 00/01/000193.jpg 193
sucess 00/01/000194.jpg 194
sucess 00/01/000195.jpg 195
sucess 00/01/000196.jpg 196
sucess 00/01/000197.jpg 197
sucess 00/01/000198.jpg 198
sucess 00/01/000199.jpg 199
sucess 00/02/000200.jpg 200
sucess 00/02/000201.jpg 201
sucess 00/02/000202.jpg 202
sucess 00/02/000203.jpg 203
sucess 00/02/000204.jpg 204
sucess 00/02/000205.jpg 205
sucess 00/02/000206.jpg 206
sucess 00/02/000207.jpg 207
sucess 00/02/000208.jpg 208
sucess 00/02/000209.jpg 209
sucess 00/02/000210.jpg 210
sucess 00/02/000211.jpg 211
Failed to parse ballot: 000211
sucess 00/02/000212.jpg 212
Failed to parse ballot: 000212
sucess 00/02/000213.jpg 213
sucess 00/02/000214.jpg 214
sucess 00/02/000215.jpg 215
sucess 00/02/000216.jpg 216
sucess 00/02/000217.jpg 217
sucess 00/02/000218.jpg 218
sucess 00/02/000219.jpg 219
sucess 00/02/000220.jpg 220
sucess 00/02/000221.jpg 221
sucess 00/02/000222.jpg 222
sucess 00/02/000223.jpg 223
sucess 00/02/000224.jpg 224
sucess 00/02/000225.jpg 225
sucess 00/02/000226.jpg 226
sucess 00/02/000227.jpg 227
sucess 00/02/000228.jpg 228
sucess 00/02/000229.jpg 229
sucess 00/02/000230.jpg 230
sucess 00/02/000231.jpg 231
sucess 00/02/000232.jpg 232
sucess 00/02/000233.jpg 233
sucess 00/02/000234.jpg 234
Failed to parse ballot: 000234
sucess 00/02/000235.jpg 235
sucess 00/02/000236.jpg 236
Failed to parse ballot: 000236
sucess 00/02/000237.jpg 237
sucess 00/02/000238.jpg 238
Failed to parse ballot: 000238
sucess 00/02/000239.jpg 239
sucess 00/02/000240.jpg 240
Failed to parse ballot: 000240
sucess 00/02/000241.jpg 241
sucess 00/02/000242.jpg 242
sucess 00/02/000243.jpg 243
sucess 00/02/000244.jpg 244
sucess 00/02/000245.jpg 245
sucess 00/02/000246.jpg 246
sucess 00/02/000247.jpg 247
sucess 00/02/000248.jpg 248
sucess 00/02/000249.jpg 249
sucess 00/02/000250.jpg 250
sucess 00/02/000251.jpg 251
sucess 00/02/000252.jpg 252
sucess 00/02/000253.jpg 253
sucess 00/02/000254.jpg 254
sucess 00/02/000255.jpg 255
sucess 00/02/000256.jpg 256
sucess 00/02/000257.jpg 257
sucess 00/02/000258.jpg 258
sucess 00/02/000259.jpg 259
sucess 00/02/000260.jpg 260
sucess 00/02/000261.jpg 261
sucess 00/02/000262.jpg 262
sucess 00/02/000263.jpg 263
sucess 00/02/000264.jpg 264
sucess 00/02/000265.jpg 265
sucess 00/02/000266.jpg 266
sucess 00/02/000267.jpg 267
sucess 00/02/000268.jpg 268
sucess 00/02/000269.jpg 269
sucess 00/02/000270.jpg 270
sucess 00/02/000271.jpg 271
sucess 00/02/000272.jpg 272
sucess 00/02/000273.jpg 273
sucess 00/02/000274.jpg 274
sucess 00/02/000275.jpg 275
sucess 00/02/000276.jpg 276
sucess 00/02/000277.jpg 277
sucess 00/02/000278.jpg 278
sucess 00/02/000279.jpg 279
sucess 00/02/000280.jpg 280
sucess 00/02/000281.jpg 281
sucess 00/02/000282.jpg 282
sucess 00/02/000283.jpg 283
sucess 00/02/000284.jpg 284
sucess 00/02/000285.jpg 285
sucess 00/02/000286.jpg 286
sucess 00/02/000287.jpg 287
sucess 00/02/000288.jpg 288
sucess 00/02/000289.jpg 289
sucess 00/02/000290.jpg 290
sucess 00/02/000291.jpg 291
sucess 00/02/000292.jpg 292
sucess 00/02/000293.jpg 293
sucess 00/02/000294.jpg 294
sucess 00/02/000295.jpg 295
sucess 00/02/000296.jpg 296
sucess 00/02/000297.jpg 297
sucess 00/02/000298.jpg 298
sucess 00/02/000299.jpg 299
sucess 00/03/000300.jpg 300
sucess 00/03/000301.jpg 301
sucess 00/03/000302.jpg 302
sucess 00/03/000303.jpg 303
sucess 00/03/000304.jpg 304
sucess 00/03/000305.jpg 305
sucess 00/03/000306.jpg 306
sucess 00/03/000307.jpg 307
sucess 00/03/000308.jpg 308
sucess 00/03/000309.jpg 309
sucess 00/03/000310.jpg 310
sucess 00/03/000311.jpg 311
sucess 00/03/000312.jpg 312
sucess 00/03/000313.jpg 313
sucess 00/03/000314.jpg 314
sucess 00/03/000315.jpg 315
sucess 00/03/000316.jpg 316
sucess 00/03/000317.jpg 317
sucess 00/03/000318.jpg 318
sucess 00/03/000319.jpg 319
sucess 00/03/000320.jpg 320
sucess 00/03/000321.jpg 321
sucess 00/03/000322.jpg 322
sucess 00/03/000323.jpg 323
sucess 00/03/000324.jpg 324
sucess 00/03/000325.jpg 325
sucess 00/03/000326.jpg 326
sucess 00/03/000327.jpg 327
sucess 00/03/000328.jpg 328
sucess 00/03/000329.jpg 329
sucess 00/03/000330.jpg 330
sucess 00/03/000331.jpg 331
sucess 00/03/000332.jpg 332
sucess 00/03/000333.jpg 333
sucess 00/03/000334.jpg 334
sucess 00/03/000335.jpg 335
sucess 00/03/000336.jpg 336
sucess 00/03/000337.jpg 337
sucess 00/03/000338.jpg 338
sucess 00/03/000339.jpg 339
sucess 00/03/000340.jpg 340
sucess 00/03/000341.jpg 341
sucess 00/03/000342.jpg 342
sucess 00/03/000343.jpg 343
sucess 00/03/000344.jpg 344
sucess 00/03/000345.jpg 345
sucess 00/03/000346.jpg 346
sucess 00/03/000347.jpg 347
sucess 00/03/000348.jpg 348
sucess 00/03/000349.jpg 349
sucess 00/03/000350.jpg 350
sucess 00/03/000351.jpg 351
sucess 00/03/000352.jpg 352
sucess 00/03/000353.jpg 353
sucess 00/03/000354.jpg 354
sucess 00/03/000355.jpg 355
sucess 00/03/000356.jpg 356
sucess 00/03/000357.jpg 357
sucess 00/03/000358.jpg 358
sucess 00/03/000359.jpg 359
sucess 00/03/000360.jpg 360
sucess 00/03/000361.jpg 361
sucess 00/03/000362.jpg 362
sucess 00/03/000363.jpg 363
sucess 00/03/000364.jpg 364
sucess 00/03/000365.jpg 365
sucess 00/03/000366.jpg 366
sucess 00/03/000367.jpg 367
sucess 00/03/000368.jpg 368
sucess 00/03/000369.jpg 369
sucess 00/03/000370.jpg 370
sucess 00/03/000371.jpg 371
sucess 00/03/000372.jpg 372
sucess 00/03/000373.jpg 373
sucess 00/03/000374.jpg 374
sucess 00/03/000375.jpg 375
sucess 00/03/000376.jpg 376
sucess 00/03/000377.jpg 377
sucess 00/03/000378.jpg 378
sucess 00/03/000379.jpg 379
sucess 00/03/000380.jpg 380
sucess 00/03/000381.jpg 381
sucess 00/03/000382.jpg 382
sucess 00/03/000383.jpg 383
sucess 00/03/000384.jpg 384
sucess 00/03/000385.jpg 385
sucess 00/03/000386.jpg 386
sucess 00/03/000387.jpg 387
sucess 00/03/000388.jpg 388
sucess 00/03/000389.jpg 389
sucess 00/03/000390.jpg 390
sucess 00/03/000391.jpg 391
sucess 00/03/000392.jpg 392
sucess 00/03/000393.jpg 393
sucess 00/03/000394.jpg 394
sucess 00/03/000395.jpg 395
sucess 00/03/000396.jpg 396
sucess 00/03/000397.jpg 397
sucess 00/03/000398.jpg 398
sucess 00/03/000399.jpg 399
sucess 00/04/000400.jpg 400
sucess 00/04/000401.jpg 401
sucess 00/04/000402.jpg 402
sucess 00/04/000403.jpg 403
sucess 00/04/000404.jpg 404
sucess 00/04/000405.jpg 405
sucess 00/04/000406.jpg 406
Traceback (most recent call last):
  File "main_cropper.py", line 160, in <module>
    main()
  File "main_cropper.py", line 144, in main
    rect_detect(image_path)
  File "main_cropper.py", line 96, in rect_detect
    pagetype = page_types[pagetype_name]
KeyError: 'verified blank page'
